<?xml version="1.0" encoding="UTF-8"?>
<!-- Generated by org.testng.reporters.JUnitReportReporter -->
<testsuite hostname="LAPTOP-APLKU03V" failures="0" tests="1" name="TestCases.TC_002_Product_mac_search" time="7.148" errors="0" timestamp="2024-03-24T14:27:47 IST" skipped="0">
  <testcase classname="TestCases.TC_002_Product_mac_search" name="VerifyProduct" time="7.148"/>
</testsuite> <!-- TestCases.TC_002_Product_mac_search -->
